<?xml version="1.0" encoding="UTF-8"?>
<!-- Generated by org.testng.reporters.JUnitReportReporter -->
<testsuite hostname="DESKTOP-18BP1P8" failures="0" tests="1" name="Sample.Percy_Sample_Project.App" time="10.491" errors="0" timestamp="2022-11-30T12:36:17 IST" skipped="0">
  <testcase classname="Sample.Percy_Sample_Project.App" name="test" time="10.491"/>
  <system-out/>
</testsuite> <!-- Sample.Percy_Sample_Project.App -->
